1566979837827 /dev/input/event5 3 57 1
1566979838638 /dev/input/event5 1 330 1
1566979838639 /dev/input/event5 3 54 368
1566979838639 /dev/input/event5 0 0 0
1566979838639 /dev/input/event5 3 57 4294967295
1566979838709 /dev/input/event5 1 330 0
1566979838709 /dev/input/event5 0 0 0
1566979838709 /dev/input/event5 3 57 1
1566979840141 /dev/input/event5 1 330 1
1566979840142 /dev/input/event5 3 53 78
1566979840142 /dev/input/event5 3 54 133
1566979840142 /dev/input/event5 0 0 0
1566979840142 /dev/input/event5 3 57 4294967295
1566979840245 /dev/input/event5 1 330 0
1566979840245 /dev/input/event5 0 0 0
1566979840245 /dev/input/event5 3 57 1
1566979842149 /dev/input/event5 1 330 1
1566979842149 /dev/input/event5 3 53 83
1566979842149 /dev/input/event5 3 54 538
1566979842149 /dev/input/event5 0 0 0
1566979842149 /dev/input/event5 3 57 4294967295
1566979842228 /dev/input/event5 1 330 0
1566979842229 /dev/input/event5 0 0 0
