1566982604709 /dev/input/event5 3 57 1
1566982606542 /dev/input/event5 1 330 1
1566982606542 /dev/input/event5 3 53 166
1566982606542 /dev/input/event5 3 54 375
1566982606542 /dev/input/event5 0 0 0
1566982606542 /dev/input/event5 3 57 4294967295
1566982606609 /dev/input/event5 1 330 0
1566982606609 /dev/input/event5 0 0 0
1566982606609 /dev/input/event5 3 57 1
1566982613737 /dev/input/event5 1 330 1
1566982613738 /dev/input/event5 3 53 147
1566982613738 /dev/input/event5 3 54 459
1566982613738 /dev/input/event5 0 0 0
1566982613738 /dev/input/event5 3 57 4294967295
1566982613826 /dev/input/event5 1 330 0
1566982613826 /dev/input/event5 0 0 0
1566982613826 /dev/input/event5 3 57 1
1566982619697 /dev/input/event5 1 330 1
1566982619697 /dev/input/event5 3 53 341
1566982619697 /dev/input/event5 3 54 452
1566982619697 /dev/input/event5 0 0 0
1566982619698 /dev/input/event5 3 57 4294967295
1566982619768 /dev/input/event5 1 330 0
1566982619768 /dev/input/event5 0 0 0
1566982619768 /dev/input/event5 3 57 1
1566982632481 /dev/input/event5 1 330 1
1566982632481 /dev/input/event5 3 53 578
1566982632481 /dev/input/event5 3 54 395
1566982632481 /dev/input/event5 0 0 0
1566982632481 /dev/input/event5 3 57 4294967295
1566982632560 /dev/input/event5 1 330 0
1566982632561 /dev/input/event5 0 0 0
1566982632561 /dev/input/event5 3 57 1
1566982640739 /dev/input/event5 1 330 1
1566982640739 /dev/input/event5 3 53 83
1566982640739 /dev/input/event5 3 54 606
1566982640739 /dev/input/event5 0 0 0
1566982640739 /dev/input/event5 3 57 4294967295
1566982640818 /dev/input/event5 1 330 0
1566982640818 /dev/input/event5 0 0 0
1566982640818 /dev/input/event5 3 57 1
1566982643993 /dev/input/event5 1 330 1
1566982643993 /dev/input/event5 3 53 77
1566982643993 /dev/input/event5 3 54 614
1566982643994 /dev/input/event5 0 0 0
1566982643994 /dev/input/event5 3 57 4294967295
1566982644073 /dev/input/event5 1 330 0
1566982644073 /dev/input/event5 0 0 0
1566982644073 /dev/input/event5 3 57 1
1566982646944 /dev/input/event5 1 330 1
1566982646944 /dev/input/event5 3 53 79
1566982646945 /dev/input/event5 3 54 606
1566982646945 /dev/input/event5 0 0 0
1566982646945 /dev/input/event5 3 57 4294967295
1566982647017 /dev/input/event5 1 330 0
1566982647017 /dev/input/event5 0 0 0
1566982647017 /dev/input/event5 3 57 1
1566982651873 /dev/input/event5 1 330 1
1566982651873 /dev/input/event5 3 53 82
1566982651873 /dev/input/event5 3 54 607
1566982651873 /dev/input/event5 0 0 0
1566982651873 /dev/input/event5 3 57 4294967295
1566982651968 /dev/input/event5 1 330 0
1566982651968 /dev/input/event5 0 0 0
1566982651968 /dev/input/event5 3 57 1
1566982653458 /dev/input/event5 1 330 1
1566982653458 /dev/input/event5 0 0 0
1566982653458 /dev/input/event5 3 57 4294967295
1566982653561 /dev/input/event5 1 330 0
1566982653561 /dev/input/event5 0 0 0
